MDASH, version 3.0.1
Mon May 15 17:04:08 2017

[TRAJECTORY]
file      : /home/dw/projects/dash/svn/trunk/build/test/amberdash.in
variables : 16
frames    : 500

[OPTIONS]
data     : angles
timestep : 1 ps
window   : 11
binsize  : 4
runlen   : 3
fmax     : 2.4
smin     : 48
boutlen  : 20
smooth   : 40
rough    : 20

[ANGLE_1]
maxima      : -78
states      : 1 = [-180, 180)
transitions : 1
reassigned  : 0 (0.00%)

[ANGLE_2]
maxima      : 146
states      : 1 = [-180, 180)
transitions : 1
reassigned  : 0 (0.00%)

[ANGLE_3]
maxima      : -62
states      : 1 = [-180, 180)
transitions : 1
reassigned  : 0 (0.00%)

[ANGLE_4]
maxima      : -26
states      : 1 = [-180, 180)
transitions : 1
reassigned  : 0 (0.00%)

[ANGLE_5]
maxima      : -90
states      : 1 = [-180, 180)
transitions : 1
reassigned  : 0 (0.00%)

[ANGLE_6]
maxima      : -2
states      : 1 = [-180, 180)
transitions : 1
reassigned  : 0 (0.00%)

[ANGLE_7]
maxima      : -118
states      : 1 = [-180, 180)
transitions : 1
reassigned  : 0 (0.00%)

[ANGLE_8]
maxima      : -30
states      : 1 = [-180, 180)
transitions : 1
reassigned  : 0 (0.00%)

[ANGLE_9]
maxima      : -134, -62
states      : 1 = [-180, -96), 2 = [-96, 82), 1 = [82, 180)
transitions : 4
reassigned  : 15 (3.00%)

[ANGLE_10]
maxima      : 154
states      : 1 = [-180, 180)
transitions : 1
reassigned  : 0 (0.00%)

[ANGLE_11]
maxima      : -66
states      : 1 = [-180, 180)
transitions : 1
reassigned  : 0 (0.00%)

[ANGLE_12]
maxima      : 146
states      : 1 = [-180, 180)
transitions : 1
reassigned  : 0 (0.00%)

[ANGLE_13]
maxima      : -102, 54
states      : 1 = [-180, -18), 2 = [-18, 156), 1 = [156, 180)
transitions : 5
reassigned  : 0 (0.00%)

[ANGLE_14]
maxima      : 26, 146
states      : 2 = [-180, -94), 1 = [-94, 86), 2 = [86, 180)
transitions : 5
reassigned  : 6 (1.20%)

[ANGLE_15]
maxima      : 58
states      : 1 = [-180, 180)
transitions : 1
reassigned  : 0 (0.00%)

[ANGLE_16]
maxima      : 22, 178
states      : 2 = [-180, -80), 1 = [-80, 92), 2 = [92, 180)
transitions : 3
reassigned  : 72 (14.40%)

[SUMMARY]
combined states : 8
final states    : 5
transitions     : 5
reassignments   : 59 (11.80%)

[DASH_STATES]
1	1 1 1 1 1 1 1 1 1 1 1 1 1 2 1 2
2	1 1 1 1 1 1 1 1 1 1 1 1 2 1 1 1
3	1 1 1 1 1 1 1 1 1 1 1 1 2 1 1 2
4	1 1 1 1 1 1 1 1 2 1 1 1 1 2 1 2
5	1 1 1 1 1 1 1 1 2 1 1 1 2 1 1 1

[DASH_STATE_DISTRIBUTION]
State	  Frames   %Frames   Rep.Frame      RMSD
1	     113     22.60          15     15.58
2	     107     21.40         363      8.43
3	     123     24.60         391     11.58
4	      94     18.80          54     15.13
5	      63     12.60         281     17.83

[DASH_STATE_MEANS]
1	  -78.67  138.10  -62.42  -18.67  -91.38   -3.09 -116.69  -25.83 -126.09  153.63  -69.55  148.23 -102.81  144.56  -22.81 -179.11
2	  -84.93  143.38  -60.25  -23.45  -89.37   -0.49 -117.69  -30.45 -129.29  151.96  -65.95  143.05   52.01   22.29   57.68   29.65
3	  -79.51  144.26  -62.59  -22.86  -90.28   -1.12 -115.58  -27.02 -133.95  151.00  -67.62  141.73   51.78   23.40   53.59  127.34
4	  -92.28  152.29  -57.04  -27.59  -86.75   -6.12 -122.02  -12.64  -76.71  140.98  -65.94  148.97 -102.97  134.12  -33.10  175.92
5	  -77.96  143.52  -59.07  -27.61  -83.91   -7.11 -121.45   -9.31  -62.31  151.70  -61.01  143.88   51.88   19.97   67.85   92.73

[DASH_STATE_STANDARD_DEVIATIONS]
1	   15.75   11.09    8.89   12.75   16.84   14.83   19.66   16.78   24.37   20.19   12.59   25.46   31.40   60.76  124.03   55.09
2	   15.30   13.45    8.60   12.25   14.50   17.52   18.55   17.43   19.60   11.14   11.45   17.18    9.33   22.06   65.65   93.79
3	   14.84   10.27    9.21   11.71   14.78   16.57   19.51   17.90   17.33   17.55   11.74   37.71   33.72   34.39   83.06  115.86
4	   22.64   15.01   10.11   16.92   18.24   16.73   20.17   24.40   28.46   19.80   11.52   14.92   57.46   55.74  117.95   47.87
5	   15.69    9.08    8.73   12.18   13.56   12.50   21.35   20.69   14.41   12.62    9.37   15.30   29.31   30.52   98.64  120.34

[DASH_STATE_TRAJECTORY]
State	Frames  Cumulative
1	    57          57
3	   123         180
1	    56         236
5	    63         299
2	   107         406
4	    94         500

[DASH_STATE_TRANSITIONS]
5

[DASH_STATE_REASSIGNMENTS]
59 (11.80%)

[DASH_STATE_BOUTS_(FRAMES)]
1	57 56 
2	107 
3	123 
4	94 
5	63 

[DASH_STATE_CIRCULAR_SIMILARITY]
	     1     2     3     4     5
1	  1.00  0.64  0.70  0.92  0.66
2	  0.64  1.00  0.86  0.64  0.87
3	  0.70  0.86  1.00  0.69  0.89
4	  0.92  0.64  0.69  1.00  0.68
5	  0.66  0.87  0.89  0.68  1.00

[DASH_STATE_COSINE_SIMILARITY]
	     1     2     3     4     5
1	  1.00  0.72  0.58  0.63  0.60
2	  0.72  1.00  0.97  0.78  0.96
3	  0.58  0.97  1.00  0.84  0.98
4	  0.63  0.78  0.84  1.00  0.82
5	  0.60  0.96  0.98  0.82  1.00

[CPU_TIME]
Input : 0.0s
Dash  : 0.0s
Total : 0.0s
